-------------------------------------------------------------------------------
Test set: net.javaguides.springboot.RegistrationLoginSpringBootSecurityThymeleafApplicationTests
-------------------------------------------------------------------------------
Tests run: 1, Failures: 0, Errors: 1, Skipped: 0, Time elapsed: 0.565 s <<< FAILURE! - in net.javaguides.springboot.RegistrationLoginSpringBootSecurityThymeleafApplicationTests
net.javaguides.springboot.RegistrationLoginSpringBootSecurityThymeleafApplicationTests  Time elapsed: 0.563 s  <<< ERROR!
java.lang.IllegalStateException: Unable to find a @SpringBootConfiguration, you need to use @ContextConfiguration or @SpringBootTest(classes=...) with your test

